<?xml version="1.0" encoding="UTF-8"?>
<testsuite xmlns:xsi="http://www.w3.org/2001/XMLSchema-instance" xsi:noNamespaceSchemaLocation="https://maven.apache.org/surefire/maven-surefire-plugin/xsd/surefire-test-report.xsd" name="com.estore.api.estoreapi.controller.ShoppingCartControllerTest" time="1.998" tests="12" errors="0" skipped="0" failures="0">
  <properties>
[...]
</properties>
  <testcase name="testRemoveJerseyNotFound" classname="com.estore.api.estoreapi.controller.ShoppingCartControllerTest" time="1.708"/>
  <testcase name="testAddJerseyHandleException" classname="com.estore.api.estoreapi.controller.ShoppingCartControllerTest" time="0.021"/>
  <testcase name="testCreateShoppingCart" classname="com.estore.api.estoreapi.controller.ShoppingCartControllerTest" time="0.011"/>
  <testcase name="testGetCartHandleException" classname="com.estore.api.estoreapi.controller.ShoppingCartControllerTest" time="0.037"/>
  <testcase name="testCreateJerseyFailed" classname="com.estore.api.estoreapi.controller.ShoppingCartControllerTest" time="0.01"/>
  <testcase name="testGetCart" classname="com.estore.api.estoreapi.controller.ShoppingCartControllerTest" time="0.015"/>
  <testcase name="testRemoveJersey" classname="com.estore.api.estoreapi.controller.ShoppingCartControllerTest" time="0.01"/>
  <testcase name="testCreateJerseyException" classname="com.estore.api.estoreapi.controller.ShoppingCartControllerTest" time="0.015"/>
  <testcase name="testRemoveJerseyHandleException" classname="com.estore.api.estoreapi.controller.ShoppingCartControllerTest" time="0.019"/>
  <testcase name="testGetCartNotFound" classname="com.estore.api.estoreapi.controller.ShoppingCartControllerTest" time="0.007"/>
  <testcase name="testAddJersey" classname="com.estore.api.estoreapi.controller.ShoppingCartControllerTest" time="0.005"/>
  <testcase name="testAddJerseyFailed" classname="com.estore.api.estoreapi.controller.ShoppingCartControllerTest" time="0.01"/>
</testsuite>